<?xml version="1.0" encoding="UTF-8" ?>
<testsuite tests="10" failures="0" name="com.genius.core.cache.engine.MemcacheUtilTest" time="7.142" errors="0" skipped="0">
  <properties>
[...]
</properties>
  <testcase classname="com.genius.core.cache.engine.MemcacheUtilTest" name="testGet" time="0.051"/>
  <testcase classname="com.genius.core.cache.engine.MemcacheUtilTest" name="testSet" time="0.011"/>
  <testcase classname="com.genius.core.cache.engine.MemcacheUtilTest" name="testFlushAll" time="0.005"/>
  <testcase classname="com.genius.core.cache.engine.MemcacheUtilTest" name="testGetAllKeys" time="0.009"/>
  <testcase classname="com.genius.core.cache.engine.MemcacheUtilTest" name="testGetKeys" time="0.009"/>
  <testcase classname="com.genius.core.cache.engine.MemcacheUtilTest" name="testGetAllValues" time="0.006"/>
  <testcase classname="com.genius.core.cache.engine.MemcacheUtilTest" name="testIncrDecr" time="3.016"/>
  <testcase classname="com.genius.core.cache.engine.MemcacheUtilTest" name="testExpire" time="4.014"/>
  <testcase classname="com.genius.core.cache.engine.MemcacheUtilTest" name="testGetValues" time="0.015"/>
  <testcase classname="com.genius.core.cache.engine.MemcacheUtilTest" name="testRemove" time="0.006"/>
</testsuite>