<?xml version="1.0" encoding="UTF-8" ?>
<testsuite tests="31" failures="1" name="com.genius.xo.mongodb.dao.LibraryDaoTest" time="12.261" errors="0" skipped="0">
  <properties>
[...]
</properties>
  <testcase classname="com.genius.xo.mongodb.dao.LibraryDaoTest" name="testDeleteByMap" time="0.134">
    <failure type="java.lang.AssertionError">java.lang.AssertionError
	at org.junit.Assert.fail(Assert.java:86)
	at org.junit.Assert.assertTrue(Assert.java:41)
	at org.junit.Assert.assertTrue(Assert.java:52)
	at com.genius.xo.mongodb.dao.LibraryDaoTest.before(LibraryDaoTest.java:61)
	at sun.reflect.NativeMethodAccessorImpl.invoke0(Native Method)
	at sun.reflect.NativeMethodAccessorImpl.invoke(NativeMethodAccessorImpl.java:62)
	at sun.reflect.DelegatingMethodAccessorImpl.invoke(DelegatingMethodAccessorImpl.java:43)
	at java.lang.reflect.Method.invoke(Method.java:498)
	at org.junit.runners.model.FrameworkMethod$1.runReflectiveCall(FrameworkMethod.java:50)
	at org.junit.internal.runners.model.ReflectiveCallable.run(ReflectiveCallable.java:12)
	at org.junit.runners.model.FrameworkMethod.invokeExplosively(FrameworkMethod.java:47)
	at org.junit.internal.runners.statements.RunBefores.evaluate(RunBefores.java:24)
	at org.springframework.test.context.junit4.statements.RunBeforeTestMethodCallbacks.evaluate(RunBeforeTestMethodCallbacks.java:75)
	at org.junit.internal.runners.statements.RunAfters.evaluate(RunAfters.java:27)
	at org.springframework.test.context.junit4.statements.RunAfterTestMethodCallbacks.evaluate(RunAfterTestMethodCallbacks.java:86)
	at org.springframework.test.context.junit4.statements.SpringRepeat.evaluate(SpringRepeat.java:84)
	at org.junit.runners.ParentRunner.runLeaf(ParentRunner.java:325)
	at org.springframework.test.context.junit4.SpringJUnit4ClassRunner.runChild(SpringJUnit4ClassRunner.java:252)
	at org.springframework.test.context.junit4.SpringJUnit4ClassRunner.runChild(SpringJUnit4ClassRunner.java:94)
	at org.junit.runners.ParentRunner$3.run(ParentRunner.java:290)
	at org.junit.runners.ParentRunner$1.schedule(ParentRunner.java:71)
	at org.junit.runners.ParentRunner.runChildren(ParentRunner.java:288)
	at org.junit.runners.ParentRunner.access$000(ParentRunner.java:58)
	at org.junit.runners.ParentRunner$2.evaluate(ParentRunner.java:268)
	at org.springframework.test.context.junit4.statements.RunBeforeTestClassCallbacks.evaluate(RunBeforeTestClassCallbacks.java:61)
	at org.springframework.test.context.junit4.statements.RunAfterTestClassCallbacks.evaluate(RunAfterTestClassCallbacks.java:70)
	at org.junit.runners.ParentRunner.run(ParentRunner.java:363)
	at org.springframework.test.context.junit4.SpringJUnit4ClassRunner.run(SpringJUnit4ClassRunner.java:191)
	at org.junit.runners.Suite.runChild(Suite.java:128)
	at org.junit.runners.Suite.runChild(Suite.java:27)
	at org.junit.runners.ParentRunner$3.run(ParentRunner.java:290)
	at org.junit.runners.ParentRunner$1.schedule(ParentRunner.java:71)
	at org.junit.runners.ParentRunner.runChildren(ParentRunner.java:288)
	at org.junit.runners.ParentRunner.access$000(ParentRunner.java:58)
	at org.junit.runners.ParentRunner$2.evaluate(ParentRunner.java:268)
	at org.junit.runners.ParentRunner.run(ParentRunner.java:363)
	at org.junit.runner.JUnitCore.run(JUnitCore.java:137)
	at org.junit.runner.JUnitCore.run(JUnitCore.java:115)
	at org.apache.maven.surefire.junitcore.JUnitCoreWrapper.execute(JUnitCoreWrapper.java:62)
	at org.apache.maven.surefire.junitcore.JUnitCoreProvider.invoke(JUnitCoreProvider.java:139)
	at sun.reflect.NativeMethodAccessorImpl.invoke0(Native Method)
	at sun.reflect.NativeMethodAccessorImpl.invoke(NativeMethodAccessorImpl.java:62)
	at sun.reflect.DelegatingMethodAccessorImpl.invoke(DelegatingMethodAccessorImpl.java:43)
	at java.lang.reflect.Method.invoke(Method.java:498)
	at org.apache.maven.surefire.util.ReflectionUtils.invokeMethodWithArray(ReflectionUtils.java:189)
	at org.apache.maven.surefire.booter.ProviderFactory$ProviderProxy.invoke(ProviderFactory.java:165)
	at org.apache.maven.surefire.booter.ProviderFactory.invokeProvider(ProviderFactory.java:85)
	at org.apache.maven.surefire.booter.ForkedBooter.runSuitesInProcess(ForkedBooter.java:104)
	at org.apache.maven.surefire.booter.ForkedBooter.main(ForkedBooter.java:75)
</failure>
    <system-err>com.mongodb.DuplicateKeyException: Write failed with error code 11000 and error message &apos;E11000 duplicate key error collection: test.library index: _id_ dup key: { : &quot;uid00000000000000000000000000000&quot; }&apos;
	at com.mongodb.operation.BaseWriteOperation.convertBulkWriteException(BaseWriteOperation.java:237)
	at com.mongodb.operation.BaseWriteOperation.access$300(BaseWriteOperation.java:61)
	at com.mongodb.operation.BaseWriteOperation$1.call(BaseWriteOperation.java:147)
	at com.mongodb.operation.BaseWriteOperation$1.call(BaseWriteOperation.java:134)
	at com.mongodb.operation.OperationHelper.withConnectionSource(OperationHelper.java:232)
	at com.mongodb.operation.OperationHelper.withConnection(OperationHelper.java:223)
	at com.mongodb.operation.BaseWriteOperation.execute(BaseWriteOperation.java:134)
	at com.mongodb.operation.BaseWriteOperation.execute(BaseWriteOperation.java:61)
	at com.mongodb.Mongo.execute(Mongo.java:827)
	at com.mongodb.Mongo$2.execute(Mongo.java:810)
	at com.mongodb.DBCollection.executeWriteOperation(DBCollection.java:333)
	at com.mongodb.DBCollection.insert(DBCollection.java:328)
	at com.mongodb.DBCollection.insert(DBCollection.java:319)
	at com.mongodb.DBCollection.insert(DBCollection.java:289)
	at com.mongodb.DBCollection.insert(DBCollection.java:255)
	at com.mongodb.DBCollection.insert(DBCollection.java:192)
	at com.genius.xo.mongodb.daoimpl.BaseMongoDaoImpl.insert(BaseMongoDaoImpl.java:244)
	at com.genius.xo.mongodb.daoimpl.BaseMongoDaoImpl.insert(BaseMongoDaoImpl.java:238)
	at com.genius.xo.mongodb.daoimpl.BaseMongoDaoImpl.insert(BaseMongoDaoImpl.java:233)
	at com.genius.xo.mongodb.dao.LibraryDaoTest.before(LibraryDaoTest.java:61)
	at sun.reflect.NativeMethodAccessorImpl.invoke0(Native Method)
	at sun.reflect.NativeMethodAccessorImpl.invoke(NativeMethodAccessorImpl.java:62)
	at sun.reflect.DelegatingMethodAccessorImpl.invoke(DelegatingMethodAccessorImpl.java:43)
	at java.lang.reflect.Method.invoke(Method.java:498)
	at org.junit.runners.model.FrameworkMethod$1.runReflectiveCall(FrameworkMethod.java:50)
	at org.junit.internal.runners.model.ReflectiveCallable.run(ReflectiveCallable.java:12)
	at org.junit.runners.model.FrameworkMethod.invokeExplosively(FrameworkMethod.java:47)
	at org.junit.internal.runners.statements.RunBefores.evaluate(RunBefores.java:24)
	at org.springframework.test.context.junit4.statements.RunBeforeTestMethodCallbacks.evaluate(RunBeforeTestMethodCallbacks.java:75)
	at org.junit.internal.runners.statements.RunAfters.evaluate(RunAfters.java:27)
	at org.springframework.test.context.junit4.statements.RunAfterTestMethodCallbacks.evaluate(RunAfterTestMethodCallbacks.java:86)
	at org.springframework.test.context.junit4.statements.SpringRepeat.evaluate(SpringRepeat.java:84)
	at org.junit.runners.ParentRunner.runLeaf(ParentRunner.java:325)
	at org.springframework.test.context.junit4.SpringJUnit4ClassRunner.runChild(SpringJUnit4ClassRunner.java:252)
	at org.springframework.test.context.junit4.SpringJUnit4ClassRunner.runChild(SpringJUnit4ClassRunner.java:94)
	at org.junit.runners.ParentRunner$3.run(ParentRunner.java:290)
	at org.junit.runners.ParentRunner$1.schedule(ParentRunner.java:71)
	at org.junit.runners.ParentRunner.runChildren(ParentRunner.java:288)
	at org.junit.runners.ParentRunner.access$000(ParentRunner.java:58)
	at org.junit.runners.ParentRunner$2.evaluate(ParentRunner.java:268)
	at org.springframework.test.context.junit4.statements.RunBeforeTestClassCallbacks.evaluate(RunBeforeTestClassCallbacks.java:61)
	at org.springframework.test.context.junit4.statements.RunAfterTestClassCallbacks.evaluate(RunAfterTestClassCallbacks.java:70)
	at org.junit.runners.ParentRunner.run(ParentRunner.java:363)
	at org.springframework.test.context.junit4.SpringJUnit4ClassRunner.run(SpringJUnit4ClassRunner.java:191)
	at org.junit.runners.Suite.runChild(Suite.java:128)
	at org.junit.runners.Suite.runChild(Suite.java:27)
	at org.junit.runners.ParentRunner$3.run(ParentRunner.java:290)
	at org.junit.runners.ParentRunner$1.schedule(ParentRunner.java:71)
	at org.junit.runners.ParentRunner.runChildren(ParentRunner.java:288)
	at org.junit.runners.ParentRunner.access$000(ParentRunner.java:58)
	at org.junit.runners.ParentRunner$2.evaluate(ParentRunner.java:268)
	at org.junit.runners.ParentRunner.run(ParentRunner.java:363)
	at org.junit.runner.JUnitCore.run(JUnitCore.java:137)
	at org.junit.runner.JUnitCore.run(JUnitCore.java:115)
	at org.apache.maven.surefire.junitcore.JUnitCoreWrapper.execute(JUnitCoreWrapper.java:62)
	at org.apache.maven.surefire.junitcore.JUnitCoreProvider.invoke(JUnitCoreProvider.java:139)
	at sun.reflect.NativeMethodAccessorImpl.invoke0(Native Method)
	at sun.reflect.NativeMethodAccessorImpl.invoke(NativeMethodAccessorImpl.java:62)
	at sun.reflect.DelegatingMethodAccessorImpl.invoke(DelegatingMethodAccessorImpl.java:43)
	at java.lang.reflect.Method.invoke(Method.java:498)
	at org.apache.maven.surefire.util.ReflectionUtils.invokeMethodWithArray(ReflectionUtils.java:189)
	at org.apache.maven.surefire.booter.ProviderFactory$ProviderProxy.invoke(ProviderFactory.java:165)
	at org.apache.maven.surefire.booter.ProviderFactory.invokeProvider(ProviderFactory.java:85)
	at org.apache.maven.surefire.booter.ForkedBooter.runSuitesInProcess(ForkedBooter.java:104)
	at org.apache.maven.surefire.booter.ForkedBooter.main(ForkedBooter.java:75)
</system-err>
  </testcase>
  <testcase classname="com.genius.xo.mongodb.dao.LibraryDaoTest" name="testGetCount" time="0.335"/>
  <testcase classname="com.genius.xo.mongodb.dao.LibraryDaoTest" name="testGetListLike" time="0.227"/>
  <testcase classname="com.genius.xo.mongodb.dao.LibraryDaoTest" name="testGet" time="0.355"/>
  <testcase classname="com.genius.xo.mongodb.dao.LibraryDaoTest" name="testUpdateDBObj" time="0.254"/>
  <testcase classname="com.genius.xo.mongodb.dao.LibraryDaoTest" name="testGetListWhereRandom" time="0.91"/>
  <testcase classname="com.genius.xo.mongodb.dao.LibraryDaoTest" name="testUpdateWhere" time="0.607"/>
  <testcase classname="com.genius.xo.mongodb.dao.LibraryDaoTest" name="testInsertWithArray" time="0.133"/>
  <testcase classname="com.genius.xo.mongodb.dao.LibraryDaoTest" name="testExist" time="0.591"/>
  <testcase classname="com.genius.xo.mongodb.dao.LibraryDaoTest" name="testGroup" time="0.411"/>
  <testcase classname="com.genius.xo.mongodb.dao.LibraryDaoTest" name="testGetListMutilFix" time="0.714"/>
  <testcase classname="com.genius.xo.mongodb.dao.LibraryDaoTest" name="testIn" time="0.199"/>
  <testcase classname="com.genius.xo.mongodb.dao.LibraryDaoTest" name="testInsertWithMaps" time="0.358"/>
  <testcase classname="com.genius.xo.mongodb.dao.LibraryDaoTest" name="testInsertWithObjList" time="0.134"/>
  <testcase classname="com.genius.xo.mongodb.dao.LibraryDaoTest" name="testGetList" time="0.358"/>
  <testcase classname="com.genius.xo.mongodb.dao.LibraryDaoTest" name="testUpdateFields" time="0.695"/>
  <testcase classname="com.genius.xo.mongodb.dao.LibraryDaoTest" name="testGetListWhere" time="0.242"/>
  <testcase classname="com.genius.xo.mongodb.dao.LibraryDaoTest" name="testInsertFail" time="0.146"/>
  <testcase classname="com.genius.xo.mongodb.dao.LibraryDaoTest" name="testAggregate2" time="0.766"/>
  <testcase classname="com.genius.xo.mongodb.dao.LibraryDaoTest" name="testGetListGTE" time="0.489"/>
  <testcase classname="com.genius.xo.mongodb.dao.LibraryDaoTest" name="testGetListLTE" time="0.174"/>
  <testcase classname="com.genius.xo.mongodb.dao.LibraryDaoTest" name="testIncrease" time="0.12"/>
  <testcase classname="com.genius.xo.mongodb.dao.LibraryDaoTest" name="testAggregate" time="0.245"/>
  <testcase classname="com.genius.xo.mongodb.dao.LibraryDaoTest" name="testGetListGt" time="0.244"/>
  <testcase classname="com.genius.xo.mongodb.dao.LibraryDaoTest" name="testGetListLT" time="0.242"/>
  <testcase classname="com.genius.xo.mongodb.dao.LibraryDaoTest" name="testGetOne" time="0.473"/>
  <testcase classname="com.genius.xo.mongodb.dao.LibraryDaoTest" name="testInsert" time="1.094"/>
  <testcase classname="com.genius.xo.mongodb.dao.LibraryDaoTest" name="testInsertWithStrategy" time="0.247"/>
  <testcase classname="com.genius.xo.mongodb.dao.LibraryDaoTest" name="testInsertRefObj" time="0.746"/>
  <testcase classname="com.genius.xo.mongodb.dao.LibraryDaoTest" name="testUpdate" time="0.335"/>
  <testcase classname="com.genius.xo.mongodb.dao.LibraryDaoTest" name="testInsertWithArrayWithConvertException" time="0.283"/>
</testsuite>